[01m[K/home/riley/ros2_ws/src/myworkcell_core/src/vision_node.cpp:[m[K In function â€˜[01m[Kint main(int, char**)[m[Kâ€™:
[01m[K/home/riley/ros2_ws/src/myworkcell_core/src/vision_node.cpp:7:46:[m[K [01;31m[Kerror: [m[Kâ€˜[01m[KNOde[m[Kâ€™ is not a member of â€˜[01m[Krclcpp[m[Kâ€™; did you mean â€˜[01m[KNode[m[Kâ€™?
    7 |         auto node = std::make_shared<rclcpp::[01;31m[KNOde[m[K>("vision_node");
      |                                              [01;31m[K^~~~[m[K
      |                                              [32m[KNode[m[K
[01m[K/home/riley/ros2_ws/src/myworkcell_core/src/vision_node.cpp:7:51:[m[K [01;31m[Kerror: [m[Kno matching function for call to â€˜[01m[Kmake_shared<<expression error> >(const char [12])[m[Kâ€™
    7 |         auto node = [01;31m[Kstd::make_shared<rclcpp::NOde>("vision_node")[m[K;
      |                     [01;31m[K~~~~~~~~~~~~~~~~~~~~~~~~~~~~~~^~~~~~~~~~~~~~~[m[K
In file included from [01m[K/usr/include/c++/11/memory:77[m[K,
                 from [01m[K/opt/ros/humble/include/rclcpp/rclcpp/rclcpp.hpp:153[m[K,
                 from [01m[K/home/riley/ros2_ws/src/myworkcell_core/src/vision_node.cpp:2[m[K:
[01m[K/usr/include/c++/11/bits/shared_ptr.h:875:5:[m[K [01;36m[Knote: [m[Kcandidate: â€˜[01m[Ktemplate<class _Tp, class ... _Args> std::shared_ptr<_Tp> std::make_shared(_Args&& ...)[m[Kâ€™
  875 |     [01;36m[Kmake_shared[m[K(_Args&&... __args)
      |     [01;36m[K^~~~~~~~~~~[m[K
[01m[K/usr/include/c++/11/bits/shared_ptr.h:875:5:[m[K [01;36m[Knote: [m[K  template argument deduction/substitution failed:
[01m[K/home/riley/ros2_ws/src/myworkcell_core/src/vision_node.cpp:7:51:[m[K [01;31m[Kerror: [m[Ktemplate argument 1 is invalid
    7 |         auto node = [01;31m[Kstd::make_shared<rclcpp::NOde>("vision_node")[m[K;
      |                     [01;31m[K~~~~~~~~~~~~~~~~~~~~~~~~~~~~~~^~~~~~~~~~~~~~~[m[K
In file included from [01m[K/opt/ros/humble/include/rclcpp/rclcpp/client.hpp:40[m[K,
                 from [01m[K/opt/ros/humble/include/rclcpp/rclcpp/callback_group.hpp:24[m[K,
                 from [01m[K/opt/ros/humble/include/rclcpp/rclcpp/any_executable.hpp:20[m[K,
                 from [01m[K/opt/ros/humble/include/rclcpp/rclcpp/memory_strategy.hpp:25[m[K,
                 from [01m[K/opt/ros/humble/include/rclcpp/rclcpp/memory_strategies.hpp:18[m[K,
                 from [01m[K/opt/ros/humble/include/rclcpp/rclcpp/executor_options.hpp:20[m[K,
                 from [01m[K/opt/ros/humble/include/rclcpp/rclcpp/executor.hpp:37[m[K,
                 from [01m[K/opt/ros/humble/include/rclcpp/rclcpp/executors/multi_threaded_executor.hpp:25[m[K,
                 from [01m[K/opt/ros/humble/include/rclcpp/rclcpp/executors.hpp:21[m[K,
                 from [01m[K/opt/ros/humble/include/rclcpp/rclcpp/rclcpp.hpp:155[m[K,
                 from [01m[K/home/riley/ros2_ws/src/myworkcell_core/src/vision_node.cpp:2[m[K:
[01m[K/home/riley/ros2_ws/src/myworkcell_core/src/vision_node.cpp:9:9:[m[K [01;31m[Kerror: [m[Ktemplate argument 1 is invalid
    9 |         [01;31m[KRCLCPP_INFO[m[K(node->get_logger(), "HeLLO World");
      |         [01;31m[K^~~~~~~~~~~[m[K
[01m[K/home/riley/ros2_ws/src/myworkcell_core/src/vision_node.cpp:9:9:[m[K [01;31m[Kerror: [m[Kâ€˜[01m[K<declaration error>[m[Kâ€™ is not a template [[01;31m[K]8;;https://gcc.gnu.org/onlinedocs/gcc/Warning-Options.html#index-fpermissive-fpermissive]8;;[m[K]
    9 |         [01;31m[KRCLCPP_INFO[m[K(node->get_logger(), "HeLLO World");
      |         [01;31m[K^~~~~~~~~~~[m[K
[01m[K/home/riley/ros2_ws/src/myworkcell_core/src/vision_node.cpp:9:9:[m[K [01;31m[Kerror: [m[Ktemplate argument 1 is invalid
    9 |         [01;31m[KRCLCPP_INFO[m[K(node->get_logger(), "HeLLO World");
      |         [01;31m[K^~~~~~~~~~~[m[K
[01m[K/home/riley/ros2_ws/src/myworkcell_core/src/vision_node.cpp:9:9:[m[K [01;31m[Kerror: [m[Kâ€˜[01m[K<declaration error>[m[Kâ€™ is not a template [[01;31m[K]8;;https://gcc.gnu.org/onlinedocs/gcc/Warning-Options.html#index-fpermissive-fpermissive]8;;[m[K]
    9 |         [01;31m[KRCLCPP_INFO[m[K(node->get_logger(), "HeLLO World");
      |         [01;31m[K^~~~~~~~~~~[m[K
[01m[K/home/riley/ros2_ws/src/myworkcell_core/src/vision_node.cpp:9:9:[m[K [01;31m[Kerror: [m[Ktemplate argument 1 is invalid
    9 |         [01;31m[KRCLCPP_INFO[m[K(node->get_logger(), "HeLLO World");
      |         [01;31m[K^~~~~~~~~~~[m[K
gmake[2]: *** [CMakeFiles/vision_node.dir/build.make:76: CMakeFiles/vision_node.dir/src/vision_node.cpp.o] Error 1
gmake[1]: *** [CMakeFiles/Makefile2:137: CMakeFiles/vision_node.dir/all] Error 2
gmake: *** [Makefile:146: all] Error 2
