[0.037s] Invoking command in '/home/riley/ros2_ws/build/myworkcell_core': CMAKE_PREFIX_PATH=/opt/ros/humble /usr/bin/cmake /home/riley/ros2_ws/src/myworkcell_core -DCMAKE_INSTALL_PREFIX=/home/riley/ros2_ws/install/myworkcell_core
[0.171s] -- The C compiler identification is GNU 11.4.0
[0.301s] -- The CXX compiler identification is GNU 11.4.0
[0.317s] -- Detecting C compiler ABI info
[0.373s] -- Detecting C compiler ABI info - done
[0.378s] -- Check for working C compiler: /usr/bin/cc - skipped
[0.378s] -- Detecting C compile features
[0.379s] -- Detecting C compile features - done
[0.382s] -- Detecting CXX compiler ABI info
[0.446s] -- Detecting CXX compiler ABI info - done
[0.462s] -- Check for working CXX compiler: /usr/bin/c++ - skipped
[0.462s] -- Detecting CXX compile features
[0.462s] -- Detecting CXX compile features - done
[0.470s] -- Found ament_cmake: 1.3.5 (/opt/ros/humble/share/ament_cmake/cmake)
[0.629s] -- Found Python3: /usr/bin/python3.10 (found version "3.10.12") found components: Interpreter 
[0.741s] -- Found rclcpp: 16.0.6 (/opt/ros/humble/share/rclcpp/cmake)
[0.794s] -- Found rosidl_generator_c: 3.1.5 (/opt/ros/humble/share/rosidl_generator_c/cmake)
[0.800s] -- Found rosidl_adapter: 3.1.5 (/opt/ros/humble/share/rosidl_adapter/cmake)
[0.811s] -- Found rosidl_generator_cpp: 3.1.5 (/opt/ros/humble/share/rosidl_generator_cpp/cmake)
[0.828s] -- Using all available rosidl_typesupport_c: rosidl_typesupport_fastrtps_c;rosidl_typesupport_introspection_c
[0.848s] -- Using all available rosidl_typesupport_cpp: rosidl_typesupport_fastrtps_cpp;rosidl_typesupport_introspection_cpp
[0.919s] -- Found rmw_implementation_cmake: 6.1.1 (/opt/ros/humble/share/rmw_implementation_cmake/cmake)
[0.922s] -- Found rmw_fastrtps_cpp: 6.2.4 (/opt/ros/humble/share/rmw_fastrtps_cpp/cmake)
[1.016s] -- Found OpenSSL: /usr/lib/x86_64-linux-gnu/libcrypto.so (found version "3.0.2")  
[1.040s] -- Found FastRTPS: /opt/ros/humble/include  
[1.077s] -- Using RMW implementation 'rmw_fastrtps_cpp' as default
[1.103s] -- Looking for pthread.h
[1.167s] -- Looking for pthread.h - found
[1.168s] -- Performing Test CMAKE_HAVE_LIBC_PTHREAD
[1.233s] -- Performing Test CMAKE_HAVE_LIBC_PTHREAD - Success
[1.235s] -- Found Threads: TRUE  
[1.412s] -- Found ament_lint_auto: 0.12.8 (/opt/ros/humble/share/ament_lint_auto/cmake)
[1.476s] -- Added test 'cppcheck' to perform static code analysis on C / C++ code
[1.476s] -- Configured cppcheck include dirs: 
[1.476s] -- Configured cppcheck exclude dirs and/or files: 
[1.477s] -- Added test 'lint_cmake' to check CMake code style
[1.478s] -- Added test 'uncrustify' to check C / C++ code style
[1.478s] -- Configured uncrustify additional arguments: 
[1.478s] -- Added test 'xmllint' to check XML markup files
[1.480s] -- Configuring done
[1.487s] -- Generating done
[1.488s] -- Build files have been written to: /home/riley/ros2_ws/build/myworkcell_core
[1.494s] Invoked command in '/home/riley/ros2_ws/build/myworkcell_core' returned '0': CMAKE_PREFIX_PATH=/opt/ros/humble /usr/bin/cmake /home/riley/ros2_ws/src/myworkcell_core -DCMAKE_INSTALL_PREFIX=/home/riley/ros2_ws/install/myworkcell_core
[1.495s] Invoking command in '/home/riley/ros2_ws/build/myworkcell_core': CMAKE_PREFIX_PATH=/opt/ros/humble /usr/bin/cmake --build /home/riley/ros2_ws/build/myworkcell_core -- -j8 -l8
[1.531s] [ 50%] [32mBuilding CXX object CMakeFiles/vision_node.dir/src/vision_node.cpp.o[0m
[3.836s] [01m[K/home/riley/ros2_ws/src/myworkcell_core/src/vision_node.cpp:[m[K In function â€˜[01m[Kint main(int, char**)[m[Kâ€™:
[3.836s] [01m[K/home/riley/ros2_ws/src/myworkcell_core/src/vision_node.cpp:7:46:[m[K [01;31m[Kerror: [m[Kâ€˜[01m[KNOde[m[Kâ€™ is not a member of â€˜[01m[Krclcpp[m[Kâ€™; did you mean â€˜[01m[KNode[m[Kâ€™?
[3.836s]     7 |         auto node = std::make_shared<rclcpp::[01;31m[KNOde[m[K>("vision_node");
[3.836s]       |                                              [01;31m[K^~~~[m[K
[3.836s]       |                                              [32m[KNode[m[K
[3.836s] [01m[K/home/riley/ros2_ws/src/myworkcell_core/src/vision_node.cpp:7:51:[m[K [01;31m[Kerror: [m[Kno matching function for call to â€˜[01m[Kmake_shared<<expression error> >(const char [12])[m[Kâ€™
[3.836s]     7 |         auto node = [01;31m[Kstd::make_shared<rclcpp::NOde>("vision_node")[m[K;
[3.836s]       |                     [01;31m[K~~~~~~~~~~~~~~~~~~~~~~~~~~~~~~^~~~~~~~~~~~~~~[m[K
[3.838s] In file included from [01m[K/usr/include/c++/11/memory:77[m[K,
[3.838s]                  from [01m[K/opt/ros/humble/include/rclcpp/rclcpp/rclcpp.hpp:153[m[K,
[3.838s]                  from [01m[K/home/riley/ros2_ws/src/myworkcell_core/src/vision_node.cpp:2[m[K:
[3.838s] [01m[K/usr/include/c++/11/bits/shared_ptr.h:875:5:[m[K [01;36m[Knote: [m[Kcandidate: â€˜[01m[Ktemplate<class _Tp, class ... _Args> std::shared_ptr<_Tp> std::make_shared(_Args&& ...)[m[Kâ€™
[3.838s]   875 |     [01;36m[Kmake_shared[m[K(_Args&&... __args)
[3.838s]       |     [01;36m[K^~~~~~~~~~~[m[K
[3.838s] [01m[K/usr/include/c++/11/bits/shared_ptr.h:875:5:[m[K [01;36m[Knote: [m[K  template argument deduction/substitution failed:
[3.838s] [01m[K/home/riley/ros2_ws/src/myworkcell_core/src/vision_node.cpp:7:51:[m[K [01;31m[Kerror: [m[Ktemplate argument 1 is invalid
[3.838s]     7 |         auto node = [01;31m[Kstd::make_shared<rclcpp::NOde>("vision_node")[m[K;
[3.838s]       |                     [01;31m[K~~~~~~~~~~~~~~~~~~~~~~~~~~~~~~^~~~~~~~~~~~~~~[m[K
[3.838s] In file included from [01m[K/opt/ros/humble/include/rclcpp/rclcpp/client.hpp:40[m[K,
[3.838s]                  from [01m[K/opt/ros/humble/include/rclcpp/rclcpp/callback_group.hpp:24[m[K,
[3.838s]                  from [01m[K/opt/ros/humble/include/rclcpp/rclcpp/any_executable.hpp:20[m[K,
[3.838s]                  from [01m[K/opt/ros/humble/include/rclcpp/rclcpp/memory_strategy.hpp:25[m[K,
[3.838s]                  from [01m[K/opt/ros/humble/include/rclcpp/rclcpp/memory_strategies.hpp:18[m[K,
[3.838s]                  from [01m[K/opt/ros/humble/include/rclcpp/rclcpp/executor_options.hpp:20[m[K,
[3.838s]                  from [01m[K/opt/ros/humble/include/rclcpp/rclcpp/executor.hpp:37[m[K,
[3.838s]                  from [01m[K/opt/ros/humble/include/rclcpp/rclcpp/executors/multi_threaded_executor.hpp:25[m[K,
[3.838s]                  from [01m[K/opt/ros/humble/include/rclcpp/rclcpp/executors.hpp:21[m[K,
[3.838s]                  from [01m[K/opt/ros/humble/include/rclcpp/rclcpp/rclcpp.hpp:155[m[K,
[3.838s]                  from [01m[K/home/riley/ros2_ws/src/myworkcell_core/src/vision_node.cpp:2[m[K:
[3.838s] [01m[K/home/riley/ros2_ws/src/myworkcell_core/src/vision_node.cpp:9:9:[m[K [01;31m[Kerror: [m[Ktemplate argument 1 is invalid
[3.838s]     9 |         [01;31m[KRCLCPP_INFO[m[K(node->get_logger(), "HeLLO World");
[3.839s]       |         [01;31m[K^~~~~~~~~~~[m[K
[3.839s] [01m[K/home/riley/ros2_ws/src/myworkcell_core/src/vision_node.cpp:9:9:[m[K [01;31m[Kerror: [m[Kâ€˜[01m[K<declaration error>[m[Kâ€™ is not a template [[01;31m[K]8;;https://gcc.gnu.org/onlinedocs/gcc/Warning-Options.html#index-fpermissive-fpermissive]8;;[m[K]
[3.839s]     9 |         [01;31m[KRCLCPP_INFO[m[K(node->get_logger(), "HeLLO World");
[3.839s]       |         [01;31m[K^~~~~~~~~~~[m[K
[3.839s] [01m[K/home/riley/ros2_ws/src/myworkcell_core/src/vision_node.cpp:9:9:[m[K [01;31m[Kerror: [m[Ktemplate argument 1 is invalid
[3.839s]     9 |         [01;31m[KRCLCPP_INFO[m[K(node->get_logger(), "HeLLO World");
[3.839s]       |         [01;31m[K^~~~~~~~~~~[m[K
[3.839s] [01m[K/home/riley/ros2_ws/src/myworkcell_core/src/vision_node.cpp:9:9:[m[K [01;31m[Kerror: [m[Kâ€˜[01m[K<declaration error>[m[Kâ€™ is not a template [[01;31m[K]8;;https://gcc.gnu.org/onlinedocs/gcc/Warning-Options.html#index-fpermissive-fpermissive]8;;[m[K]
[3.839s]     9 |         [01;31m[KRCLCPP_INFO[m[K(node->get_logger(), "HeLLO World");
[3.839s]       |         [01;31m[K^~~~~~~~~~~[m[K
[3.839s] [01m[K/home/riley/ros2_ws/src/myworkcell_core/src/vision_node.cpp:9:9:[m[K [01;31m[Kerror: [m[Ktemplate argument 1 is invalid
[3.839s]     9 |         [01;31m[KRCLCPP_INFO[m[K(node->get_logger(), "HeLLO World");
[3.839s]       |         [01;31m[K^~~~~~~~~~~[m[K
[4.199s] gmake[2]: *** [CMakeFiles/vision_node.dir/build.make:76: CMakeFiles/vision_node.dir/src/vision_node.cpp.o] Error 1
[4.199s] gmake[1]: *** [CMakeFiles/Makefile2:137: CMakeFiles/vision_node.dir/all] Error 2
[4.199s] gmake: *** [Makefile:146: all] Error 2
[4.201s] Invoked command in '/home/riley/ros2_ws/build/myworkcell_core' returned '2': CMAKE_PREFIX_PATH=/opt/ros/humble /usr/bin/cmake --build /home/riley/ros2_ws/build/myworkcell_core -- -j8 -l8
